
[0mGET / [36m304 [0m40.865 ms - -[0m
[0mGET /stylesheets/style.css [32m200 [0m9.935 ms - 110[0m
[0mGET /javascripts/bundle.js [32m200 [0m36.429 ms - 1140919[0m
[0mGET /api/news/46650640 [36m304 [0m199.279 ms - -[0m
[0mGET /api/newsfeed/breakingnews [36m304 [0m1022.942 ms - -[0m
[0mGET /api/news/46649047 [32m200 [0m640.003 ms - 4239[0m
[0mGET / [36m304 [0m45.860 ms - -[0m
[0mGET /stylesheets/style.css [36m304 [0m5.634 ms - -[0m
[0mGET /javascripts/bundle.js [32m200 [0m46.575 ms - 1140919[0m
[0mGET /bb80e3793b7cfd16a4603c518d6ef168.gif [33m404 [0m6.537 ms - 1632[0m
[0mGET /api/newsfeed/breakingnews [36m304 [0m903.056 ms - -[0m
[0mGET /api/news/46649315 [32m200 [0m599.218 ms - 4391[0m
[0mGET / [36m304 [0m1.623 ms - -[0m
[0mGET /stylesheets/style.css [36m304 [0m0.634 ms - -[0m
[0mGET /javascripts/bundle.js [36m304 [0m0.471 ms - -[0m
[0mGET /api/news/46649301 [32m200 [0m2621.382 ms - 3895[0m
[0mGET /api/newsfeed/breakingnews [32m200 [0m4359.863 ms - 95629[0m
[0mGET /api/news/46648612 [32m200 [0m2491.006 ms - 4789[0m
[0mGET / [36m304 [0m1.451 ms - -[0m
[0mGET /stylesheets/style.css [32m200 [0m1.653 ms - 110[0m
[0mGET /javascripts/bundle.js [32m200 [0m4.389 ms - 1140919[0m
[0mGET /api/news/45253503 [32m200 [0m2841.630 ms - 4225[0m
[0mGET /api/newsfeed/breakingnews [36m304 [0m7013.786 ms - -[0m
[0mGET /api/news/46649424 [32m200 [0m1520.448 ms - 5679[0m
[0mGET /api/news/46649424/comments [32m200 [0m1225.586 ms - 13365[0m
[0mGET /api/news/46649733 [32m200 [0m2221.732 ms - 6060[0m
[0mGET /bb80e3793b7cfd16a4603c518d6ef168.gif [33m404 [0m3.752 ms - 1632[0m
[0mGET /api/newsfeed/environment [32m200 [0m6188.048 ms - 72160[0m
[0mGET /api/news/46646449 [32m200 [0m3096.467 ms - 2183[0m
[0mGET / [36m304 [0m56.381 ms - -[0m
[0mGET /stylesheets/style.css [36m304 [0m4.636 ms - -[0m
[0mGET /javascripts/bundle.js [32m200 [0m45.157 ms - 1140919[0m
[0mGET /bb80e3793b7cfd16a4603c518d6ef168.gif [33m404 [0m6.088 ms - 1632[0m
[0mGET /api/newsfeed/breakingnews [32m200 [0m1125.300 ms - 100034[0m
[0mGET / [36m304 [0m2.024 ms - -[0m
Port 3000 is already in use
[0mGET /stylesheets/style.css [36m304 [0m1.050 ms - -[0m
[0mGET /javascripts/bundle.js [32m200 [0m5.632 ms - 1140919[0m
[0mGET /bb80e3793b7cfd16a4603c518d6ef168.gif [33m404 [0m2.650 ms - 1632[0m
[0mGET /api/newsfeed/breakingnews [36m304 [0m959.677 ms - -[0m
[0mGET / [36m304 [0m1.576 ms - -[0m
[0mGET /stylesheets/style.css [36m304 [0m0.587 ms - -[0m
[0mGET /javascripts/bundle.js [36m304 [0m0.586 ms - -[0m
[0mGET /bb80e3793b7cfd16a4603c518d6ef168.gif [33m404 [0m2.907 ms - 1632[0m
[0mGET /api/newsfeed/breakingnews [32m200 [0m1126.142 ms - 100068[0m
[0mGET / [36m304 [0m5.124 ms - -[0m
[0mGET /stylesheets/style.css [36m304 [0m0.672 ms - -[0m
[0mGET /javascripts/bundle.js [36m304 [0m0.389 ms - -[0m
[0mGET /bb80e3793b7cfd16a4603c518d6ef168.gif [33m404 [0m4.105 ms - 1632[0m
[0mGET /api/newsfeed/breakingnews [36m304 [0m947.830 ms - -[0m
[0mGET / [36m304 [0m2.281 ms - -[0m
Port 3000 is already in use
[0mGET /stylesheets/style.css [36m304 [0m0.517 ms - -[0m
[0mGET /javascripts/bundle.js [32m200 [0m3.371 ms - 1140919[0m
[0mGET /bb80e3793b7cfd16a4603c518d6ef168.gif [33m404 [0m3.536 ms - 1632[0m
[0mGET /api/newsfeed/breakingnews [36m304 [0m5955.359 ms - -[0m
[0mGET / [36m304 [0m1.915 ms - -[0m
Port 3000 is already in use
[0mGET /stylesheets/style.css [36m304 [0m1.178 ms - -[0m
[0mGET /javascripts/bundle.js [32m200 [0m4.101 ms - 1140919[0m
[0mGET /bb80e3793b7cfd16a4603c518d6ef168.gif [33m404 [0m2.596 ms - 1632[0m
[0mGET /api/newsfeed/breakingnews [36m304 [0m953.493 ms - -[0m
[0mGET / [36m304 [0m41.183 ms - -[0m
[0mGET /stylesheets/style.css [36m304 [0m5.555 ms - -[0m
[0mGET /javascripts/bundle.js [32m200 [0m44.185 ms - 1140919[0m
[0mGET /bb80e3793b7cfd16a4603c518d6ef168.gif [33m404 [0m7.075 ms - 1632[0m
[0mGET /api/newsfeed/breakingnews [32m200 [0m8192.987 ms - 101084[0m
[0mGET / [36m304 [0m38.903 ms - -[0m
[0mGET /stylesheets/style.css [36m304 [0m6.125 ms - -[0m
[0mGET /javascripts/bundle.js [32m200 [0m46.321 ms - 1140919[0m
[0mGET /bb80e3793b7cfd16a4603c518d6ef168.gif [33m404 [0m6.213 ms - 1632[0m
[0mGET /api/newsfeed/breakingnews [36m304 [0m914.172 ms - -[0m
[0mGET / [36m304 [0m60.795 ms - -[0m
[0mGET /stylesheets/style.css [36m304 [0m6.741 ms - -[0m
[0mGET /javascripts/bundle.js [32m200 [0m52.602 ms - 1140919[0m
[0mGET /bb80e3793b7cfd16a4603c518d6ef168.gif [33m404 [0m9.552 ms - 1632[0m
[0mGET /api/newsfeed/breakingnews [36m304 [0m5008.512 ms - -[0m
[0mGET / [36m304 [0m47.762 ms - -[0m
[0mGET /stylesheets/style.css [36m304 [0m9.507 ms - -[0m
[0mGET /javascripts/bundle.js [32m200 [0m45.646 ms - 1140919[0m
[0mGET /bb80e3793b7cfd16a4603c518d6ef168.gif [33m404 [0m7.285 ms - 1632[0m
[0mGET /api/newsfeed/breakingnews [36m304 [0m1082.946 ms - -[0m
[0mGET / [36m304 [0m57.809 ms - -[0m
[0mGET /stylesheets/style.css [36m304 [0m7.250 ms - -[0m
[0mGET /javascripts/bundle.js [32m200 [0m44.697 ms - 1140919[0m
[0mGET /bb80e3793b7cfd16a4603c518d6ef168.gif [33m404 [0m8.570 ms - 1632[0m
[0mGET /api/newsfeed/breakingnews [36m304 [0m1465.485 ms - -[0m
[0mGET / [32m200 [0m39.543 ms - 813[0m
[0mGET /stylesheets/style.css [32m200 [0m8.576 ms - 110[0m
[0mGET /javascripts/bundle.js [32m200 [0m6.638 ms - 1140919[0m
[0mGET /bb80e3793b7cfd16a4603c518d6ef168.gif [33m404 [0m6.001 ms - 1632[0m
[0mGET /favicon.ico [33m404 [0m2.768 ms - 1632[0m
[0mGET /api/newsfeed/breakingnews [32m200 [0m5331.637 ms - 101084[0m
[0mGET /api/newsfeed/tech [32m200 [0m4587.501 ms - 95255[0m
[0mGET /api/news/46643814 [32m200 [0m3938.368 ms - 8805[0m
[0mGET /api/news/46643814/comments [32m200 [0m1468.638 ms - 3299[0m
[0mGET /api/newsfeed/breakingnews [36m304 [0m1021.435 ms - -[0m
[0mGET /api/news/46651559 [32m200 [0m673.801 ms - 5522[0m
[0mGET / [36m304 [0m2.867 ms - -[0m
[0mGET /stylesheets/style.css [36m304 [0m1.812 ms - -[0m
[0mGET /javascripts/bundle.js [36m304 [0m1.589 ms - -[0m
[0mGET /api/newsfeed/breakingnews [36m304 [0m866.481 ms - -[0m
[0mGET /api/news/46611607 [32m200 [0m882.272 ms - 3180[0m
[0mGET / [36m304 [0m39.392 ms - -[0m
[0mGET /stylesheets/style.css [36m304 [0m5.335 ms - -[0m
[0mGET /javascripts/bundle.js [32m200 [0m5.790 ms - 1140919[0m
[0mGET /bb80e3793b7cfd16a4603c518d6ef168.gif [33m404 [0m7.101 ms - 1632[0m
[0mGET /favicon.ico [33m404 [0m3.724 ms - 1632[0m
[0mGET /api/newsfeed/breakingnews [36m304 [0m1097.410 ms - -[0m
[0mGET /api/news/46651559 [36m304 [0m64.518 ms - -[0m
[0mGET / [36m304 [0m37.275 ms - -[0m
[0mGET /stylesheets/style.css [36m304 [0m4.924 ms - -[0m
[0mGET /javascripts/bundle.js [32m200 [0m6.420 ms - 1140919[0m
[0mGET /bb80e3793b7cfd16a4603c518d6ef168.gif [33m404 [0m5.810 ms - 1632[0m
[0mGET /api/newsfeed/breakingnews [32m200 [0m3527.085 ms - 93677[0m
[0mGET / [36m304 [0m43.812 ms - -[0m
[0mGET /stylesheets/style.css [36m304 [0m5.883 ms - -[0m
[0mGET /javascripts/bundle.js [32m200 [0m6.971 ms - 1140919[0m
[0mGET /bb80e3793b7cfd16a4603c518d6ef168.gif [33m404 [0m6.410 ms - 1632[0m
[0mGET /favicon.ico [33m404 [0m4.613 ms - 1632[0m
[0mGET /api/newsfeed/breakingnews [36m304 [0m9962.201 ms - -[0m
[0mGET /api/news/46650640 [32m200 [0m6805.869 ms - 5529[0m
[0mGET /api/news/46650640 [36m304 [0m2062.749 ms - -[0m
[0mGET /api/news/46651559 [36m304 [0m2585.749 ms - -[0m
[0mGET / [36m304 [0m1.978 ms - -[0m
[0mGET /stylesheets/style.css [36m304 [0m0.818 ms - -[0m
[0mGET /javascripts/bundle.js [32m200 [0m50.113 ms - 1140919[0m
[0mGET /bb80e3793b7cfd16a4603c518d6ef168.gif [33m404 [0m5.492 ms - 1632[0m
[0mGET /api/newsfeed/breakingnews [32m200 [0m6576.395 ms - 93677[0m
[0mGET /api/news/46650640 [32m200 [0m5322.819 ms - 5529[0m
[0mGET /stylesheets/style.css [36m304 [0m0.617 ms - -[0m
[0mGET / [32m200 [0m2.291 ms - 813[0m
[0mGET /stylesheets/style.css [32m200 [0m0.763 ms - 110[0m
[0mGET /javascripts/bundle.js [32m200 [0m80.168 ms - 1140919[0m
[0mGET /api/news/46650640 [32m200 [0m105.026 ms - 5529[0m
[0mGET /api/newsfeed/breakingnews [32m200 [0m1428.373 ms - 97400[0m
[0mGET / [32m200 [0m40.222 ms - 813[0m
[0mGET /stylesheets/style.css [32m200 [0m8.150 ms - 110[0m
[0mGET /javascripts/bundle.js [32m200 [0m7.032 ms - 1141003[0m
[0mGET /bb80e3793b7cfd16a4603c518d6ef168.gif [33m404 [0m7.360 ms - 1632[0m
[0mGET /favicon.ico [33m404 [0m3.294 ms - 1632[0m
[0mGET /api/newsfeed/breakingnews [32m200 [0m1065.468 ms - 92743[0m
[0mGET /api/news/46650640 [32m200 [0m848.404 ms - 5529[0m
[0mGET / [36m304 [0m38.598 ms - -[0m
[0mGET /stylesheets/style.css [36m304 [0m5.481 ms - -[0m
[0mGET /javascripts/bundle.js [32m200 [0m7.326 ms - 1141003[0m
[0mGET /bb80e3793b7cfd16a4603c518d6ef168.gif [33m404 [0m7.639 ms - 1632[0m
[0mGET /api/newsfeed/breakingnews [36m304 [0m869.912 ms - -[0m
[0mGET /api/news/46650640 [36m304 [0m55.048 ms - -[0m
[0mGET / [36m304 [0m1.927 ms - -[0m
[0mGET /stylesheets/style.css [36m304 [0m0.772 ms - -[0m
[0mGET /javascripts/bundle.js [36m304 [0m0.675 ms - -[0m
[0mGET /api/news/46640214 [32m200 [0m120.594 ms - 5207[0m
[0mGET /api/newsfeed/breakingnews [32m200 [0m989.006 ms - 90888[0m
[0mGET / [36m304 [0m37.775 ms - -[0m
[0mGET /stylesheets/style.css [36m304 [0m5.293 ms - -[0m
[0mGET /javascripts/bundle.js [32m200 [0m6.545 ms - 1141003[0m
[0mGET /bb80e3793b7cfd16a4603c518d6ef168.gif [33m404 [0m7.164 ms - 1632[0m
[0mGET /api/newsfeed/breakingnews [36m304 [0m841.168 ms - -[0m
[0mGET /api/news/46652200 [32m200 [0m545.941 ms - 1479[0m
[0mGET /api/news/46652200/comments [32m200 [0m364.416 ms - 48[0m
[0mGET /api/news/46651824 [32m200 [0m665.746 ms - 3085[0m
[0mGET /api/news/46651559 [32m200 [0m622.841 ms - 5522[0m
[0mGET /api/newsfeed/world [32m200 [0m1903.452 ms - 75732[0m
[0mGET /api/newsfeed/breakingnews [36m304 [0m5406.457 ms - -[0m
